C:\USERS\MARK\DOCUMENTS\2019.1\INF1301-MODULAR\T1\PROJETO\DEBUG\PROJETO.EXE
C:\USERS\MARK\DOCUMENTS\2019.1\INF1301-MODULAR\T1\PROJETO\DEBUG\PROJETO.ILK
C:\USERS\MARK\DOCUMENTS\2019.1\INF1301-MODULAR\T1\PROJETO\DEBUG\PROJETO.PDB
C:\USERS\MARK\DOCUMENTS\2019.1\INF1301-MODULAR\T1\PROJETO\PROJETO\DEBUG\ARVORE.OBJ
C:\Users\Mark\Documents\2019.1\inf1301-Modular\T1\Projeto\Projeto\Debug\cl.command.1.tlog
C:\Users\Mark\Documents\2019.1\inf1301-Modular\T1\Projeto\Projeto\Debug\CL.read.1.tlog
C:\Users\Mark\Documents\2019.1\inf1301-Modular\T1\Projeto\Projeto\Debug\CL.write.1.tlog
C:\Users\Mark\Documents\2019.1\inf1301-Modular\T1\Projeto\Projeto\Debug\link.1884.read.1.tlog
C:\Users\Mark\Documents\2019.1\inf1301-Modular\T1\Projeto\Projeto\Debug\link.1884.write.1.tlog
C:\Users\Mark\Documents\2019.1\inf1301-Modular\T1\Projeto\Projeto\Debug\link.1884-cvtres.read.1.tlog
C:\Users\Mark\Documents\2019.1\inf1301-Modular\T1\Projeto\Projeto\Debug\link.1884-cvtres.write.1.tlog
C:\Users\Mark\Documents\2019.1\inf1301-Modular\T1\Projeto\Projeto\Debug\link.command.1.tlog
C:\Users\Mark\Documents\2019.1\inf1301-Modular\T1\Projeto\Projeto\Debug\link.read.1.tlog
C:\Users\Mark\Documents\2019.1\inf1301-Modular\T1\Projeto\Projeto\Debug\link.write.1.tlog
C:\Users\Mark\Documents\2019.1\inf1301-Modular\T1\Projeto\Projeto\Debug\link-cvtres.read.1.tlog
C:\Users\Mark\Documents\2019.1\inf1301-Modular\T1\Projeto\Projeto\Debug\link-cvtres.write.1.tlog
C:\Users\Mark\Documents\2019.1\inf1301-Modular\T1\Projeto\Projeto\Debug\mt.command.1.tlog
C:\Users\Mark\Documents\2019.1\inf1301-Modular\T1\Projeto\Projeto\Debug\mt.read.1.tlog
C:\Users\Mark\Documents\2019.1\inf1301-Modular\T1\Projeto\Projeto\Debug\mt.write.1.tlog
C:\USERS\MARK\DOCUMENTS\2019.1\INF1301-MODULAR\T1\PROJETO\PROJETO\DEBUG\PROJETO.EXE.EMBED.MANIFEST
C:\USERS\MARK\DOCUMENTS\2019.1\INF1301-MODULAR\T1\PROJETO\PROJETO\DEBUG\PROJETO.EXE.EMBED.MANIFEST.RES
C:\USERS\MARK\DOCUMENTS\2019.1\INF1301-MODULAR\T1\PROJETO\PROJETO\DEBUG\PROJETO.EXE.INTERMEDIATE.MANIFEST
C:\Users\Mark\Documents\2019.1\inf1301-Modular\T1\Projeto\Projeto\Debug\Projeto.vcxprojResolveAssemblyReference.cache
C:\Users\Mark\Documents\2019.1\inf1301-Modular\T1\Projeto\Projeto\Debug\Projeto.write.1.tlog
C:\Users\Mark\Documents\2019.1\inf1301-Modular\T1\Projeto\Projeto\Debug\Projeto_manifest.rc
C:\Users\Mark\Documents\2019.1\inf1301-Modular\T1\Projeto\Projeto\Debug\rc.command.1.tlog
C:\Users\Mark\Documents\2019.1\inf1301-Modular\T1\Projeto\Projeto\Debug\rc.read.1.tlog
C:\Users\Mark\Documents\2019.1\inf1301-Modular\T1\Projeto\Projeto\Debug\rc.write.1.tlog
C:\USERS\MARK\DOCUMENTS\2019.1\INF1301-MODULAR\T1\PROJETO\PROJETO\DEBUG\TESTARV.OBJ
C:\Users\Mark\Documents\2019.1\inf1301-Modular\T1\Projeto\Projeto\Debug\vc100.idb
C:\USERS\MARK\DOCUMENTS\2019.1\INF1301-MODULAR\T1\PROJETO\PROJETO\DEBUG\VC100.PDB
