Build started 27/03/2019 20:25:56.
     1>Project "C:\Users\Mark\Documents\2019.1\inf1301-Modular\T1\Projeto\Projeto\Projeto.vcxproj" on node 2 (build target(s)).
     1>InitializeBuildStatus:
         Creating "Debug\Projeto.unsuccessfulbuild" because "AlwaysCreate" was specified.
       ClCompile:
         All outputs are up-to-date.
       ManifestResourceCompile:
         All outputs are up-to-date.
       Link:
         C:\Program Files (x86)\Microsoft Visual Studio 10.0\VC\bin\link.exe /ERRORREPORT:PROMPT /OUT:"C:\Users\Mark\Documents\2019.1\inf1301-Modular\T1\Projeto\Debug\Projeto.exe" /INCREMENTAL /NOLOGO kernel32.lib user32.lib gdi32.lib winspool.lib comdlg32.lib advapi32.lib shell32.lib ole32.lib oleaut32.lib uuid.lib odbc32.lib odbccp32.lib /MANIFEST /ManifestFile:"Debug\Projeto.exe.intermediate.manifest" /MANIFESTUAC:"level='asInvoker' uiAccess='false'" /DEBUG /PDB:"C:\Users\Mark\Documents\2019.1\inf1301-Modular\T1\Projeto\Debug\Projeto.pdb" /SUBSYSTEM:CONSOLE /TLBID:1 /DYNAMICBASE /NXCOMPAT /IMPLIB:"C:\Users\Mark\Documents\2019.1\inf1301-Modular\T1\Projeto\Debug\Projeto.lib" /MACHINE:X86 Debug\Projeto.exe.embed.manifest.res
         Debug\ARVORE.obj
         Debug\TESTARV.obj
         ArcaboucoTeste.lib
       Manifest:
         C:\Program Files (x86)\Microsoft SDKs\Windows\v7.0A\bin\mt.exe /nologo /verbose /out:"Debug\Projeto.exe.embed.manifest" /manifest Debug\Projeto.exe.intermediate.manifest
         All outputs are up-to-date.
       LinkEmbedManifest:
         All outputs are up-to-date.
         Projeto.vcxproj -> C:\Users\Mark\Documents\2019.1\inf1301-Modular\T1\Projeto\Debug\Projeto.exe
       FinalizeBuildStatus:
         Deleting file "Debug\Projeto.unsuccessfulbuild".
         Touching "Debug\Projeto.lastbuildstate".
     1>Done Building Project "C:\Users\Mark\Documents\2019.1\inf1301-Modular\T1\Projeto\Projeto\Projeto.vcxproj" (build target(s)).

Build succeeded.

Time Elapsed 00:00:01.29
